# 0.2.7
- Allow toggling block sections.

# 0.2.6
- Remove generated blocks that are already saved blocks.

# 0.2.5
- Changed block storage method to chrome storage so they persist past local storage resets.

# 0.2.4
- Fixed bug where styles were bleeding outside of plugin into Google Calendar

# 0.2.3
- Cut bundle size in half

# 0.2.2
- Fixed toggle icon path resolvement

# 0.2.1
- Updated UI
- Migrated to React for faster dev loop
- Improved wording and styles
- Sidebar collapsing
- Add footer & links

# 0.2.0
- Saved blocks

# 0.1.0
- Generated blocks from view
